<?xml version="1.0" encoding="UTF-8"?>
<!-- Generated by org.testng.reporters.JUnitReportReporter -->
<testsuite skipped="0" hostname="DESKTOP-C7HKO16" name="com.dice.FirstTest" tests="2" failures="0" timestamp="12 Aug 2018 06:09:56 GMT" time="19.989" errors="0">
  <testcase name="firstTestMethod" time="19.989" classname="com.dice.FirstTest"/>
  <testcase name="thirdTestSignOut" time="0.000" classname="com.dice.FirstTest"/>
</testsuite> <!-- com.dice.FirstTest -->
